<?xml version="1.0" encoding="windows-1250" standalone="no"?>
<!DOCTYPE log SYSTEM "logger.dtd">
<log>
<record>
  <date>2014-04-18T15:30:04</date>
  <millis>1397827804142</millis>
  <sequence>45</sequence>
  <logger>server</logger>
  <level>SEVERE</level>
  <class>servlet.Login</class>
  <method>doPost method</method>
  <thread>48</thread>
  <message>Error in mysql or loging in. Unknown column 'uzjjjivatelskejmeno' in 'where clause'</message>
  <exception>
    <message>com.mysql.jdbc.exceptions.jdbc4.MySQLSyntaxErrorException: Unknown column 'uzjjjivatelskejmeno' in 'where clause'</message>
    <frame>
      <class>sun.reflect.NativeConstructorAccessorImpl</class>
      <method>newInstance0</method>
    </frame>
    <frame>
      <class>sun.reflect.NativeConstructorAccessorImpl</class>
      <method>newInstance</method>
      <line>57</line>
    </frame>
    <frame>
      <class>sun.reflect.DelegatingConstructorAccessorImpl</class>
      <method>newInstance</method>
      <line>45</line>
    </frame>
    <frame>
      <class>java.lang.reflect.Constructor</class>
      <method>newInstance</method>
      <line>526</line>
    </frame>
    <frame>
      <class>com.mysql.jdbc.Util</class>
      <method>handleNewInstance</method>
      <line>411</line>
    </frame>
    <frame>
      <class>com.mysql.jdbc.Util</class>
      <method>getInstance</method>
      <line>386</line>
    </frame>
    <frame>
      <class>com.mysql.jdbc.SQLError</class>
      <method>createSQLException</method>
      <line>1053</line>
    </frame>
    <frame>
      <class>com.mysql.jdbc.MysqlIO</class>
      <method>checkErrorPacket</method>
      <line>4120</line>
    </frame>
    <frame>
      <class>com.mysql.jdbc.MysqlIO</class>
      <method>checkErrorPacket</method>
      <line>4052</line>
    </frame>
    <frame>
      <class>com.mysql.jdbc.MysqlIO</class>
      <method>sendCommand</method>
      <line>2503</line>
    </frame>
    <frame>
      <class>com.mysql.jdbc.MysqlIO</class>
      <method>sqlQueryDirect</method>
      <line>2664</line>
    </frame>
    <frame>
      <class>com.mysql.jdbc.ConnectionImpl</class>
      <method>execSQL</method>
      <line>2794</line>
    </frame>
    <frame>
      <class>com.mysql.jdbc.PreparedStatement</class>
      <method>executeInternal</method>
      <line>2155</line>
    </frame>
    <frame>
      <class>com.mysql.jdbc.PreparedStatement</class>
      <method>executeQuery</method>
      <line>2322</line>
    </frame>
    <frame>
      <class>source.Mysql</class>
      <method>login</method>
      <line>75</line>
    </frame>
    <frame>
      <class>servlet.Login</class>
      <method>doPost</method>
      <line>39</line>
    </frame>
    <frame>
      <class>javax.servlet.http.HttpServlet</class>
      <method>service</method>
      <line>646</line>
    </frame>
    <frame>
      <class>javax.servlet.http.HttpServlet</class>
      <method>service</method>
      <line>727</line>
    </frame>
    <frame>
      <class>org.apache.catalina.core.ApplicationFilterChain</class>
      <method>internalDoFilter</method>
      <line>303</line>
    </frame>
    <frame>
      <class>org.apache.catalina.core.ApplicationFilterChain</class>
      <method>doFilter</method>
      <line>208</line>
    </frame>
    <frame>
      <class>org.apache.tomcat.websocket.server.WsFilter</class>
      <method>doFilter</method>
      <line>52</line>
    </frame>
    <frame>
      <class>org.apache.catalina.core.ApplicationFilterChain</class>
      <method>internalDoFilter</method>
      <line>241</line>
    </frame>
    <frame>
      <class>org.apache.catalina.core.ApplicationFilterChain</class>
      <method>doFilter</method>
      <line>208</line>
    </frame>
    <frame>
      <class>org.apache.catalina.core.StandardWrapperValve</class>
      <method>invoke</method>
      <line>220</line>
    </frame>
    <frame>
      <class>org.apache.catalina.core.StandardContextValve</class>
      <method>invoke</method>
      <line>122</line>
    </frame>
    <frame>
      <class>org.apache.catalina.authenticator.AuthenticatorBase</class>
      <method>invoke</method>
      <line>501</line>
    </frame>
    <frame>
      <class>org.apache.catalina.core.StandardHostValve</class>
      <method>invoke</method>
      <line>170</line>
    </frame>
    <frame>
      <class>org.apache.catalina.valves.ErrorReportValve</class>
      <method>invoke</method>
      <line>98</line>
    </frame>
    <frame>
      <class>org.apache.catalina.valves.AccessLogValve</class>
      <method>invoke</method>
      <line>950</line>
    </frame>
    <frame>
      <class>org.apache.catalina.core.StandardEngineValve</class>
      <method>invoke</method>
      <line>116</line>
    </frame>
    <frame>
      <class>org.apache.catalina.connector.CoyoteAdapter</class>
      <method>service</method>
      <line>408</line>
    </frame>
    <frame>
      <class>org.apache.coyote.http11.AbstractHttp11Processor</class>
      <method>process</method>
      <line>1040</line>
    </frame>
    <frame>
      <class>org.apache.coyote.AbstractProtocol$AbstractConnectionHandler</class>
      <method>process</method>
      <line>607</line>
    </frame>
    <frame>
      <class>org.apache.tomcat.util.net.AprEndpoint$SocketProcessor</class>
      <method>doRun</method>
      <line>2441</line>
    </frame>
    <frame>
      <class>org.apache.tomcat.util.net.AprEndpoint$SocketProcessor</class>
      <method>run</method>
      <line>2430</line>
    </frame>
    <frame>
      <class>java.util.concurrent.ThreadPoolExecutor</class>
      <method>runWorker</method>
      <line>1145</line>
    </frame>
    <frame>
      <class>java.util.concurrent.ThreadPoolExecutor$Worker</class>
      <method>run</method>
      <line>615</line>
    </frame>
    <frame>
      <class>java.lang.Thread</class>
      <method>run</method>
      <line>724</line>
    </frame>
  </exception>
</record>
